Warning: Unknown args: 
Update MADEUP_DATA_INCLUDE_FLAG: True
Update CURATED_DATA_FLAG: False
Num_cpu: 56, num_sampels: 20, NUM_CPU: 32, thus num process: 16
chm13_1_normal_madeUp_numCuts1_numRepeat85 starting...
chm13_1_normal_madeUp_numCuts1_numRepeat156 starting...
chm13_1_normal_madeUp_numCuts2_numRepeat341 starting...
chm13_1_normal_madeUp_numCuts1_numRepeat324 starting...
chm13_1_normal_madeUp_numCuts2_numRepeat22 starting...
chm13_1_normal_madeUp_numCuts1_numRepeat455 starting...
chm13_1_normal_madeUp_numCuts3_numRepeat348 starting...
chm13_1_normal_madeUp_numCuts1_numRepeat523 starting...
chm13_1_normal_madeUp_numCuts1_numRepeat236 starting...
chm13_1_normal_madeUp_numCuts1_numRepeat223 starting...
chm13_1_normal_madeUp_numCuts2_numRepeat8 starting...
chm13_1_normal_madeUp_numCuts1_numRepeat586 starting...
chm13_1_normal_madeUp_numCuts3_numRepeat64 starting...
chm13_1_normal_madeUp_numCuts3_numRepeat246 starting...
chm13_1_normal_madeUp_numCuts3_numRepeat370 starting...
chm13_1_normal_madeUp_numCuts3_numRepeat571 starting...
chm13_1_normal_madeUp_numCuts1_numRepeat455 is finished.
chm13_1_normal_madeUp_numCuts1_numRepeat156 is finished.
chm13_1_normal_madeUp_numCuts1_numRepeat324 is finished.
chm13_1_normal_madeUp_numCuts2_numRepeat22 is finished.
chm13_1_normal_madeUp_numCuts1_numRepeat179 starting...
chm13_1_normal_madeUp_numCuts2_numRepeat90 starting...
chm13_1_normal_madeUp_numCuts3_numRepeat375 starting...
chm13_1_normal_madeUp_numCuts2_numRepeat341 is finished.
chm13_1_normal_madeUp_numCuts1_numRepeat76 starting...
chm13_1_normal_madeUp_numCuts1_numRepeat223 is finished.
chm13_1_normal_madeUp_numCuts1_numRepeat85 is finished.
chm13_1_normal_madeUp_numCuts3_numRepeat348 is finished.
chm13_1_normal_madeUp_numCuts1_numRepeat586 is finished.
chm13_1_normal_madeUp_numCuts3_numRepeat370 is finished.
chm13_1_normal_madeUp_numCuts3_numRepeat64 is finished.
chm13_1_normal_madeUp_numCuts2_numRepeat8 is finished.
chm13_1_normal_madeUp_numCuts1_numRepeat523 is finished.
chm13_1_normal_madeUp_numCuts3_numRepeat246 is finished.
chm13_1_normal_madeUp_numCuts3_numRepeat571 is finished.
chm13_1_normal_madeUp_numCuts1_numRepeat236 is finished.
chm13_1_normal_madeUp_numCuts1_numRepeat179 is finished.
chm13_1_normal_madeUp_numCuts2_numRepeat90 is finished.
chm13_1_normal_madeUp_numCuts3_numRepeat375 is finished.
chm13_1_normal_madeUp_numCuts1_numRepeat76 is finished.
